#
# There is insufficient memory for the Java Runtime Environment to continue.
# Native memory allocation (mmap) failed to map 266338304 bytes for Failed to commit area from 0x0000000702000000 to 0x0000000711e00000 of length 266338304.
# Possible reasons:
#   The system is out of physical RAM or swap space
#   The process is running with CompressedOops enabled, and the Java Heap may be blocking the growth of the native heap
# Possible solutions:
#   Reduce memory load on the system
#   Increase physical memory or swap space
#   Check if swap backing store is full
#   Decrease Java heap size (-Xmx/-Xms)
#   Decrease number of Java threads
#   Decrease Java thread stack sizes (-Xss)
#   Set larger code cache with -XX:ReservedCodeCacheSize=
# This output file may be truncated or incomplete.
#
#  Out of Memory Error (./src/hotspot/os/windows/os_windows.cpp:3303), pid=1580, tid=35204
#
# JRE version:  (11.0.7+10) (build )
# Java VM: OpenJDK 64-Bit Server VM (11.0.7+10-b765.64, mixed mode, sharing, tiered, compressed oops, g1 gc, windows-amd64)
# No core dump will be written. Minidumps are not enabled by default on client versions of Windows
#

---------------  S U M M A R Y ------------

Command Line: org.jetbrains.git4idea.nativessh.GitNativeSshAskPassApp Enter passphrase for key '/c/Users/Administrator/.ssh/id_ed25519': 

Host: Intel(R) Core(TM) i5-8400 CPU @ 2.80GHz, 6 cores, 15G,  Windows 10 , 64 bit Build 19041 (10.0.19041.1566)
Time: Thu Apr  7 09:39:54 2022 中国标准时间 elapsed time: 0 seconds (0d 0h 0m 0s)

---------------  T H R E A D  ---------------

Current thread (0x000001f409aed800):  JavaThread "Unknown thread" [_thread_in_vm, id=35204, stack(0x000000a354b00000,0x000000a354c00000)]

Stack: [0x000000a354b00000,0x000000a354c00000]
Native frames: (J=compiled Java code, j=interpreted, Vv=VM code, C=native code)
V  [jvm.dll+0x5dda4a]
V  [jvm.dll+0x711595]
V  [jvm.dll+0x712aed]
V  [jvm.dll+0x7131a3]
V  [jvm.dll+0x23e368]
V  [jvm.dll+0x5daf04]
V  [jvm.dll+0x5d0085]
V  [jvm.dll+0x2fb0cb]
V  [jvm.dll+0x2fb03a]
V  [jvm.dll+0x2faf12]
V  [jvm.dll+0x2ffdf6]
V  [jvm.dll+0x348393]
V  [jvm.dll+0x348a96]
V  [jvm.dll+0x348493]
V  [jvm.dll+0x2d59e8]
V  [jvm.dll+0x2d6b87]
V  [jvm.dll+0x6f04e7]
V  [jvm.dll+0x6f1cdc]
V  [jvm.dll+0x355909]
V  [jvm.dll+0x6d42ae]
V  [jvm.dll+0x3bda13]
V  [jvm.dll+0x3bfc51]
C  [jli.dll+0x5363]
C  [ucrtbase.dll+0x21bb2]
C  [KERNEL32.DLL+0x17034]
C  [ntdll.dll+0x52651]


---------------  P R O C E S S  ---------------

Threads class SMR info:
_java_thread_list=0x000001f4098b2e10, length=0, elements={
}

Java Threads: ( => current thread )

Other Threads:
  0x000001f409b05000 GCTaskThread "GC Thread#0" [stack: 0x000000a354c00000,0x000000a354d00000] [id=19424]
  0x000001f409b60800 ConcurrentGCThread "G1 Main Marker" [stack: 0x000000a354d00000,0x000000a354e00000] [id=19584]
  0x000001f409b62000 ConcurrentGCThread "G1 Conc#0" [stack: 0x000000a354e00000,0x000000a354f00000] [id=33800]

[error occurred during error reporting (printing all threads), id 0xc0000005, EXCEPTION_ACCESS_VIOLATION (0xc0000005) at pc=0x00007fffff355fc7]

VM state:not at safepoint (not fully initialized)

VM Mutex/Monitor currently owned by a thread:  ([mutex/lock_event])
[0x000001f409ae9970] Heap_lock - owner thread: 0x000001f409aed800

Heap address: 0x0000000702000000, size: 4064 MB, Compressed Oops mode: Non-zero based: 0x0000000702000000
Narrow klass base: 0x0000000000000000, Narrow klass shift: 0

GC Heap History (0 events):
No events

Deoptimization events (0 events):
No events

Classes redefined (0 events):
No events

Internal exceptions (0 events):
No events

Events (2 events):
Event: 0.014 Loaded shared library D:\software\IntelliJ IDEA 2020.1.3\jbr\bin\zip.dll
Event: 0.014 Loaded shared library D:\software\IntelliJ IDEA 2020.1.3\jbr\bin\jimage.dll


Dynamic libraries:
0x00007ff765040000 - 0x00007ff76504a000 	D:\software\IntelliJ IDEA 2020.1.3\jbr\bin\java.exe
0x00007ff83b410000 - 0x00007ff83b605000 	C:\WINDOWS\SYSTEM32\ntdll.dll
0x00007ff83a910000 - 0x00007ff83a9ce000 	C:\WINDOWS\System32\KERNEL32.DLL
0x00007ff838dc0000 - 0x00007ff839088000 	C:\WINDOWS\System32\KERNELBASE.dll
0x00007ff8392d0000 - 0x00007ff8393d0000 	C:\WINDOWS\System32\ucrtbase.dll
0x00007ff834590000 - 0x00007ff8345a9000 	D:\software\IntelliJ IDEA 2020.1.3\jbr\bin\jli.dll
0x00007ff825780000 - 0x00007ff825797000 	D:\software\IntelliJ IDEA 2020.1.3\jbr\bin\VCRUNTIME140.dll
0x00007ff839df0000 - 0x00007ff839f90000 	C:\WINDOWS\System32\USER32.dll
0x00007ff839090000 - 0x00007ff8390b2000 	C:\WINDOWS\System32\win32u.dll
0x00007ff83a580000 - 0x00007ff83a5ab000 	C:\WINDOWS\System32\GDI32.dll
0x00007ff838b60000 - 0x00007ff838c6b000 	C:\WINDOWS\System32\gdi32full.dll
0x00007ff819cf0000 - 0x00007ff819f8a000 	C:\WINDOWS\WinSxS\amd64_microsoft.windows.common-controls_6595b64144ccf1df_6.0.19041.1110_none_60b5254171f9507e\COMCTL32.dll
0x00007ff8393d0000 - 0x00007ff83946d000 	C:\WINDOWS\System32\msvcp_win.dll
0x00007ff8394a0000 - 0x00007ff83953e000 	C:\WINDOWS\System32\msvcrt.dll
0x00007ff83a9f0000 - 0x00007ff83aa20000 	C:\WINDOWS\System32\IMM32.DLL
0x00007ff81e970000 - 0x00007ff81ea0d000 	D:\software\IntelliJ IDEA 2020.1.3\jbr\bin\msvcp140.dll
0x00007fffff070000 - 0x00007fffffb2b000 	D:\software\IntelliJ IDEA 2020.1.3\jbr\bin\server\jvm.dll
0x00007ff839ff0000 - 0x00007ff83a09e000 	C:\WINDOWS\System32\ADVAPI32.dll
0x00007ff83adc0000 - 0x00007ff83ae5c000 	C:\WINDOWS\System32\sechost.dll
0x00007ff83aa80000 - 0x00007ff83aba5000 	C:\WINDOWS\System32\RPCRT4.dll
0x00007ff83a9e0000 - 0x00007ff83a9e8000 	C:\WINDOWS\System32\PSAPI.DLL
0x00007ff836360000 - 0x00007ff836369000 	C:\WINDOWS\SYSTEM32\WSOCK32.dll
0x00007ff815190000 - 0x00007ff8151b7000 	C:\WINDOWS\SYSTEM32\WINMM.dll
0x00007ff831300000 - 0x00007ff83130a000 	C:\WINDOWS\SYSTEM32\VERSION.dll
0x00007ff83a510000 - 0x00007ff83a57b000 	C:\WINDOWS\System32\WS2_32.dll
0x00007ff836a20000 - 0x00007ff836a32000 	C:\WINDOWS\SYSTEM32\kernel.appcore.dll
0x00007ff8346b0000 - 0x00007ff8346c1000 	D:\software\IntelliJ IDEA 2020.1.3\jbr\bin\verify.dll
0x00007ff8238d0000 - 0x00007ff823ab4000 	C:\WINDOWS\SYSTEM32\DBGHELP.DLL
0x00007ff820730000 - 0x00007ff82075c000 	C:\WINDOWS\SYSTEM32\dbgcore.DLL
0x00007ff838c70000 - 0x00007ff838cf2000 	C:\WINDOWS\System32\bcryptPrimitives.dll
0x00007ff8345f0000 - 0x00007ff834619000 	D:\software\IntelliJ IDEA 2020.1.3\jbr\bin\java.dll
0x00007ff832380000 - 0x00007ff832398000 	D:\software\IntelliJ IDEA 2020.1.3\jbr\bin\zip.dll
0x00007ff833c70000 - 0x00007ff833c7b000 	D:\software\IntelliJ IDEA 2020.1.3\jbr\bin\jimage.dll

dbghelp: loaded successfully - version: 4.0.5 - missing functions: none
symbol engine: initialized successfully - sym options: 0x614 - pdb path: .;D:\software\IntelliJ IDEA 2020.1.3\jbr\bin;C:\WINDOWS\SYSTEM32;C:\WINDOWS\WinSxS\amd64_microsoft.windows.common-controls_6595b64144ccf1df_6.0.19041.1110_none_60b5254171f9507e;D:\software\IntelliJ IDEA 2020.1.3\jbr\bin\server

VM Arguments:
java_command: org.jetbrains.git4idea.nativessh.GitNativeSshAskPassApp Enter passphrase for key '/c/Users/Administrator/.ssh/id_ed25519': 
java_class_path (initial): D:/software/IntelliJ IDEA 2020.1.3/plugins/git4idea/lib/git4idea-rt.jar;D:/software/IntelliJ IDEA 2020.1.3/lib/xmlrpc-2.0.1.jar;D:/software/IntelliJ IDEA 2020.1.3/lib/commons-codec-1.14.jar;D:/software/IntelliJ IDEA 2020.1.3/lib/util.jar
Launcher Type: SUN_STANDARD

[Global flags]
     intx CICompilerCount                          = 3                                         {product} {ergonomic}
     uint ConcGCThreads                            = 2                                         {product} {ergonomic}
     uint G1ConcRefinementThreads                  = 6                                         {product} {ergonomic}
   size_t G1HeapRegionSize                         = 1048576                                   {product} {ergonomic}
    uintx GCDrainStackTargetSize                   = 64                                        {product} {ergonomic}
   size_t InitialHeapSize                          = 266338304                                 {product} {ergonomic}
   size_t MarkStackSize                            = 4194304                                   {product} {ergonomic}
   size_t MaxHeapSize                              = 4261412864                                {product} {ergonomic}
   size_t MinHeapDeltaBytes                        = 1048576                                   {product} {ergonomic}
    uintx NonNMethodCodeHeapSize                   = 5830732                                {pd product} {ergonomic}
    uintx NonProfiledCodeHeapSize                  = 122913754                              {pd product} {ergonomic}
    uintx ProfiledCodeHeapSize                     = 122913754                              {pd product} {ergonomic}
    uintx ReservedCodeCacheSize                    = 251658240                              {pd product} {ergonomic}
     bool SegmentedCodeCache                       = true                                      {product} {ergonomic}
     bool UseCompressedClassPointers               = true                                 {lp64_product} {ergonomic}
     bool UseCompressedOops                        = true                                 {lp64_product} {ergonomic}
     bool UseG1GC                                  = true                                      {product} {ergonomic}
     bool UseLargePagesIndividualAllocation        = false                                  {pd product} {ergonomic}

Logging:
Log output configuration:
 #0: stdout all=warning uptime,level,tags
 #1: stderr all=off uptime,level,tags

Environment Variables:
JAVA_HOME=C:\Program Files\Java\jdk1.8.0_181
CLASSPATH=.:$JAVA_HOME/lib/dt.jar:$JAVA_HOME/lib/tools.jar
PATH=D:\software\Git\mingw32\libexec\git-core;D:\software\Git\mingw32\bin;D:\software\Git\usr\bin;C:\Users\Administrator\bin;D:\software\xftp;D:\software\Xshell6;C:\WINDOWS\system32;C:\WINDOWS;C:\WINDOWS\System32\Wbem;C:\WINDOWS\System32\WindowsPowerShell\v1.0;C:\WINDOWS\System32\OpenSSH;D:\software\Git\cmd;C:\ProgramData\chocolatey\bin;C:\Program Files\Docker\Docker\resources\bin;C:\ProgramData\DockerDesktop\version-bin;C:\Program Files (x86)\NetSarang\Xshell 7;C:\Users\Administrator\AppData\Local\Microsoft\WindowsApps;D:\software\IntelliJ IDEA 2019.2.4\bin;D:\software\apache-maven-3.5.4-bin\apache-maven-3.5.4\bin;C:\Program Files\Java\jdk1.8.0_181\bin;D:\db\mongo\server\4.2.1\bin;C:\Users\Administrator\AppData\Local\BypassRuntm;C:\tools\Cmder;D:\software\IntelliJ IDEA 2020.1.4\bin;C:\Users\Administrator\AppData\Local\Programs\Fiddler;%USERPROFILE%\AppData\Local\Microsoft\WindowsApps
USERNAME=Administrator
DISPLAY=:0.0
OS=Windows_NT
PROCESSOR_IDENTIFIER=Intel64 Family 6 Model 158 Stepping 10, GenuineIntel



---------------  S Y S T E M  ---------------

OS: Windows 10 , 64 bit Build 19041 (10.0.19041.1566)
OS uptime: 12 days 18:37 hours
HyperV virtualization detected

CPU:total 6 (initial active 6) (6 cores per cpu, 1 threads per core) family 6 model 158 stepping 10, cmov, cx8, fxsr, mmx, sse, sse2, sse3, ssse3, sse4.1, sse4.2, popcnt, avx, avx2, aes, clmul, erms, 3dnowpref, lzcnt, tsc, tscinvbit, bmi1, bmi2, adx, fma

Memory: 4k page, system-wide physical 16251M (1639M free)
TotalPageFile size 28978M (AvailPageFile size 130M)
current process WorkingSet (physical memory assigned to process): 10M, peak: 10M
current process commit charge ("private bytes"): 56M, peak: 310M

vm_info: OpenJDK 64-Bit Server VM (11.0.7+10-b765.64) for windows-amd64 JRE (11.0.7+10-b765.64), built on Jun 22 2020 14:48:21 by "" with MS VC++ 14.0 (VS2015)

END.
